<?xml version="1.0" encoding="UTF-8"?>
<!-- Generated by org.testng.reporters.JUnitXMLReporter -->
<testsuite ignored="0" hostname="IN3253652W1" failures="0" tests="3" name="Command line test" time="85.253" errors="0" timestamp="2025-07-22T12:20:22 IST">
  <testcase classname="com.framework.testcases.LoginTestChrome" name="testLoginChrome" time="13.714"/>
  <testcase classname="com.framework.testcases.LoginTestEdge" name="testLoginEdge" time="26.853"/>
  <testcase classname="com.framework.testcases.LoginTestFirefox" name="testLoginFirefox" time="34.178"/>
</testsuite> <!-- Command line test -->
