<?xml version="1.0" encoding="UTF-8"?>
<testng-results ignored="0" total="3" passed="3" failed="0" skipped="0">
  <reporter-output>
  </reporter-output>
  <suite started-at="2025-07-24T12:24:27 IST" name="Login Browser Suite" finished-at="2025-07-24T12:26:03 IST" duration-ms="96171">
    <groups>
    </groups>
    <test started-at="2025-07-24T12:24:27 IST" name="LoginEdge" finished-at="2025-07-24T12:25:38 IST" duration-ms="71322">
      <class name="com.framework.testcases.LoginTestEdge">
        <test-method is-config="true" signature="setup()[pri:0, instance:com.framework.testcases.LoginTestEdge@1c93f6e1]" started-at="2025-07-24T12:24:27 IST" name="setup" finished-at="2025-07-24T12:24:34 IST" duration-ms="6976" status="PASS">
          <reporter-output>
          </reporter-output>
        </test-method> <!-- setup -->
        <test-method signature="testLoginEdge()[pri:0, instance:com.framework.testcases.LoginTestEdge@1c93f6e1]" started-at="2025-07-24T12:24:34 IST" name="testLoginEdge" finished-at="2025-07-24T12:25:37 IST" duration-ms="63563" status="PASS">
          <reporter-output>
          </reporter-output>
        </test-method> <!-- testLoginEdge -->
        <test-method is-config="true" signature="tearDown()[pri:0, instance:com.framework.testcases.LoginTestEdge@1c93f6e1]" started-at="2025-07-24T12:25:37 IST" name="tearDown" finished-at="2025-07-24T12:25:38 IST" duration-ms="712" status="PASS">
          <reporter-output>
          </reporter-output>
        </test-method> <!-- tearDown -->
      </class> <!-- com.framework.testcases.LoginTestEdge -->
    </test> <!-- LoginEdge -->
    <test started-at="2025-07-24T12:24:27 IST" name="LoginFirefox" finished-at="2025-07-24T12:25:39 IST" duration-ms="72270">
      <class name="com.framework.testcases.LoginTestFirefox">
        <test-method is-config="true" signature="setup()[pri:0, instance:com.framework.testcases.LoginTestFirefox@363a52f]" started-at="2025-07-24T12:24:27 IST" name="setup" finished-at="2025-07-24T12:24:38 IST" duration-ms="10912" status="PASS">
          <reporter-output>
          </reporter-output>
        </test-method> <!-- setup -->
        <test-method signature="testLoginFirefox()[pri:0, instance:com.framework.testcases.LoginTestFirefox@363a52f]" started-at="2025-07-24T12:24:38 IST" name="testLoginFirefox" finished-at="2025-07-24T12:25:37 IST" duration-ms="59613" status="PASS">
          <reporter-output>
          </reporter-output>
        </test-method> <!-- testLoginFirefox -->
        <test-method is-config="true" signature="tearDown()[pri:0, instance:com.framework.testcases.LoginTestFirefox@363a52f]" started-at="2025-07-24T12:25:37 IST" name="tearDown" finished-at="2025-07-24T12:25:39 IST" duration-ms="1674" status="PASS">
          <reporter-output>
          </reporter-output>
        </test-method> <!-- tearDown -->
      </class> <!-- com.framework.testcases.LoginTestFirefox -->
    </test> <!-- LoginFirefox -->
    <test started-at="2025-07-24T12:24:27 IST" name="LoginChrome" finished-at="2025-07-24T12:26:03 IST" duration-ms="96171">
      <class name="com.framework.testcases.LoginTestChrome">
        <test-method is-config="true" signature="setup()[pri:0, instance:com.framework.testcases.LoginTestChrome@78123e82]" started-at="2025-07-24T12:24:27 IST" name="setup" finished-at="2025-07-24T12:25:41 IST" duration-ms="74590" status="PASS">
          <reporter-output>
          </reporter-output>
        </test-method> <!-- setup -->
        <test-method signature="testLoginChrome()[pri:0, instance:com.framework.testcases.LoginTestChrome@78123e82]" started-at="2025-07-24T12:25:41 IST" name="testLoginChrome" finished-at="2025-07-24T12:26:02 IST" duration-ms="20659" status="PASS">
          <reporter-output>
          </reporter-output>
        </test-method> <!-- testLoginChrome -->
        <test-method is-config="true" signature="tearDown()[pri:0, instance:com.framework.testcases.LoginTestChrome@78123e82]" started-at="2025-07-24T12:26:02 IST" name="tearDown" finished-at="2025-07-24T12:26:03 IST" duration-ms="850" status="PASS">
          <reporter-output>
          </reporter-output>
        </test-method> <!-- tearDown -->
      </class> <!-- com.framework.testcases.LoginTestChrome -->
    </test> <!-- LoginChrome -->
  </suite> <!-- Login Browser Suite -->
</testng-results>
