<?xml version="1.0" encoding="UTF-8"?>
<!-- Generated by org.testng.reporters.JUnitXMLReporter -->
<testsuite ignored="0" hostname="IN3253652W1" failures="0" tests="3" name="LoginTests" time="122.831" errors="0" timestamp="2025-07-22T11:16:26 IST">
  <testcase classname="com.framework.testcases.LoginTestChrome" name="testLoginChrome" time="34.773"/>
  <testcase classname="com.framework.testcases.LoginTestEdge" name="testLoginEdge" time="43.487"/>
  <testcase classname="com.framework.testcases.LoginTestFirefox" name="testLoginFirefox" time="30.131"/>
</testsuite> <!-- LoginTests -->
